

Started GET "/" for 127.0.0.1 at 2013-01-05 12:49:50 -0200
Connecting to database specified by database.yml

Mysql2::Error (Access denied for user 'root'@'localhost' (using password: NO)):
  mysql2 (0.3.11) lib/mysql2/client.rb:44:in `connect'
  mysql2 (0.3.11) lib/mysql2/client.rb:44:in `initialize'
  activerecord (3.2.10) lib/active_record/connection_adapters/mysql2_adapter.rb:16:in `new'
  activerecord (3.2.10) lib/active_record/connection_adapters/mysql2_adapter.rb:16:in `mysql2_connection'
  activerecord (3.2.10) lib/active_record/connection_adapters/abstract/connection_pool.rb:315:in `new_connection'
  activerecord (3.2.10) lib/active_record/connection_adapters/abstract/connection_pool.rb:325:in `checkout_new_connection'
  activerecord (3.2.10) lib/active_record/connection_adapters/abstract/connection_pool.rb:247:in `block (2 levels) in checkout'
  activerecord (3.2.10) lib/active_record/connection_adapters/abstract/connection_pool.rb:242:in `loop'
  activerecord (3.2.10) lib/active_record/connection_adapters/abstract/connection_pool.rb:242:in `block in checkout'
  /usr/lib/ruby/1.9.1/monitor.rb:211:in `mon_synchronize'
  activerecord (3.2.10) lib/active_record/connection_adapters/abstract/connection_pool.rb:239:in `checkout'
  activerecord (3.2.10) lib/active_record/connection_adapters/abstract/connection_pool.rb:102:in `block in connection'
  /usr/lib/ruby/1.9.1/monitor.rb:211:in `mon_synchronize'
  activerecord (3.2.10) lib/active_record/connection_adapters/abstract/connection_pool.rb:101:in `connection'
  activerecord (3.2.10) lib/active_record/connection_adapters/abstract/connection_pool.rb:410:in `retrieve_connection'
  activerecord (3.2.10) lib/active_record/connection_adapters/abstract/connection_specification.rb:171:in `retrieve_connection'
  activerecord (3.2.10) lib/active_record/connection_adapters/abstract/connection_specification.rb:145:in `connection'
  activerecord (3.2.10) lib/active_record/query_cache.rb:67:in `rescue in call'
  activerecord (3.2.10) lib/active_record/query_cache.rb:61:in `call'
  activerecord (3.2.10) lib/active_record/connection_adapters/abstract/connection_pool.rb:479:in `call'
  actionpack (3.2.10) lib/action_dispatch/middleware/callbacks.rb:28:in `block in call'
  activesupport (3.2.10) lib/active_support/callbacks.rb:405:in `_run__1763546692035889814__call__3803831516510111592__callbacks'
  activesupport (3.2.10) lib/active_support/callbacks.rb:405:in `__run_callback'
  activesupport (3.2.10) lib/active_support/callbacks.rb:385:in `_run_call_callbacks'
  activesupport (3.2.10) lib/active_support/callbacks.rb:81:in `run_callbacks'
  actionpack (3.2.10) lib/action_dispatch/middleware/callbacks.rb:27:in `call'
  actionpack (3.2.10) lib/action_dispatch/middleware/reloader.rb:65:in `call'
  actionpack (3.2.10) lib/action_dispatch/middleware/remote_ip.rb:31:in `call'
  actionpack (3.2.10) lib/action_dispatch/middleware/debug_exceptions.rb:16:in `call'
  actionpack (3.2.10) lib/action_dispatch/middleware/show_exceptions.rb:56:in `call'
  railties (3.2.10) lib/rails/rack/logger.rb:32:in `call_app'
  railties (3.2.10) lib/rails/rack/logger.rb:16:in `block in call'
  activesupport (3.2.10) lib/active_support/tagged_logging.rb:22:in `tagged'
  railties (3.2.10) lib/rails/rack/logger.rb:16:in `call'
  actionpack (3.2.10) lib/action_dispatch/middleware/request_id.rb:22:in `call'
  rack (1.4.1) lib/rack/methodoverride.rb:21:in `call'
  rack (1.4.1) lib/rack/runtime.rb:17:in `call'
  activesupport (3.2.10) lib/active_support/cache/strategy/local_cache.rb:72:in `call'
  rack (1.4.1) lib/rack/lock.rb:15:in `call'
  actionpack (3.2.10) lib/action_dispatch/middleware/static.rb:62:in `call'
  railties (3.2.10) lib/rails/engine.rb:479:in `call'
  railties (3.2.10) lib/rails/application.rb:223:in `call'
  rack (1.4.1) lib/rack/content_length.rb:14:in `call'
  railties (3.2.10) lib/rails/rack/log_tailer.rb:17:in `call'
  rack (1.4.1) lib/rack/handler/webrick.rb:59:in `service'
  /usr/lib/ruby/1.9.1/webrick/httpserver.rb:138:in `service'
  /usr/lib/ruby/1.9.1/webrick/httpserver.rb:94:in `run'
  /usr/lib/ruby/1.9.1/webrick/server.rb:191:in `block in start_thread'


  Rendered /var/lib/gems/1.9.1/gems/actionpack-3.2.10/lib/action_dispatch/middleware/templates/rescues/_trace.erb (1.1ms)
  Rendered /var/lib/gems/1.9.1/gems/actionpack-3.2.10/lib/action_dispatch/middleware/templates/rescues/_request_and_response.erb (1.9ms)
  Rendered /var/lib/gems/1.9.1/gems/actionpack-3.2.10/lib/action_dispatch/middleware/templates/rescues/diagnostics.erb within rescues/layout (23.7ms)


Started GET "/" for 127.0.0.1 at 2013-01-05 12:50:19 -0200
Connecting to database specified by database.yml
Processing by HomeController#index as HTML
  Rendered home/index.html.erb within layouts/application (1.5ms)
Compiled home.css  (42ms)  (pid 20556)
Compiled application.css  (52ms)  (pid 20556)
Compiled jquery.js  (2ms)  (pid 20556)
Compiled jquery_ujs.js  (0ms)  (pid 20556)
Compiled home.js  (471ms)  (pid 20556)
Compiled application.js  (508ms)  (pid 20556)
Completed 200 OK in 621ms (Views: 620.8ms | ActiveRecord: 0.0ms)


Started GET "/assets/application.css?body=1" for 127.0.0.1 at 2013-01-05 12:50:20 -0200
Served asset /application.css - 200 OK (4ms)


Started GET "/assets/jquery_ujs.js?body=1" for 127.0.0.1 at 2013-01-05 12:50:20 -0200
Served asset /jquery_ujs.js - 200 OK (1ms)


Started GET "/assets/home.css?body=1" for 127.0.0.1 at 2013-01-05 12:50:20 -0200
Served asset /home.css - 200 OK (2ms)


Started GET "/assets/jquery.js?body=1" for 127.0.0.1 at 2013-01-05 12:50:20 -0200
Served asset /jquery.js - 200 OK (6ms)


Started GET "/assets/application.js?body=1" for 127.0.0.1 at 2013-01-05 12:50:20 -0200
Served asset /application.js - 200 OK (11ms)


Started GET "/assets/home.js?body=1" for 127.0.0.1 at 2013-01-05 12:50:20 -0200
Served asset /home.js - 200 OK (2ms)


Started GET "/" for 127.0.0.1 at 2013-01-05 13:03:39 -0200
Connecting to database specified by database.yml
Processing by HomeController#index as HTML
  Rendered home/index.html.erb within layouts/application (1.5ms)
Compiled home.css  (19ms)  (pid 20828)
Compiled application.css  (0ms)  (pid 20828)
Completed 200 OK in 58ms (Views: 57.6ms | ActiveRecord: 0.0ms)


Started GET "/assets/application.css?body=1" for 127.0.0.1 at 2013-01-05 13:03:40 -0200
Served asset /application.css - 304 Not Modified (6ms)


Started GET "/assets/home.css?body=1" for 127.0.0.1 at 2013-01-05 13:03:40 -0200
Served asset /home.css - 200 OK (2ms)


Started GET "/assets/jquery.js?body=1" for 127.0.0.1 at 2013-01-05 13:03:40 -0200
Served asset /jquery.js - 304 Not Modified (6ms)


Started GET "/assets/jquery_ujs.js?body=1" for 127.0.0.1 at 2013-01-05 13:03:40 -0200
Served asset /jquery_ujs.js - 304 Not Modified (3ms)


Started GET "/assets/application.js?body=1" for 127.0.0.1 at 2013-01-05 13:03:40 -0200
Served asset /application.js - 304 Not Modified (11ms)


Started GET "/assets/home.js?body=1" for 127.0.0.1 at 2013-01-05 13:03:40 -0200
Served asset /home.js - 304 Not Modified (1ms)


Started GET "/" for 127.0.0.1 at 2013-01-05 13:03:41 -0200
Processing by HomeController#index as HTML
  Rendered home/index.html.erb within layouts/application (0.0ms)
Completed 200 OK in 5ms (Views: 4.6ms | ActiveRecord: 0.0ms)


Started GET "/assets/application.css?body=1" for 127.0.0.1 at 2013-01-05 13:03:41 -0200
Served asset /application.css - 304 Not Modified (4ms)


Started GET "/assets/home.js?body=1" for 127.0.0.1 at 2013-01-05 13:03:41 -0200
Served asset /home.js - 304 Not Modified (0ms)


Started GET "/assets/jquery_ujs.js?body=1" for 127.0.0.1 at 2013-01-05 13:03:41 -0200
Served asset /jquery_ujs.js - 304 Not Modified (0ms)


Started GET "/assets/jquery.js?body=1" for 127.0.0.1 at 2013-01-05 13:03:41 -0200
Served asset /jquery.js - 304 Not Modified (2ms)


Started GET "/assets/application.js?body=1" for 127.0.0.1 at 2013-01-05 13:03:41 -0200
Served asset /application.js - 304 Not Modified (3ms)


Started GET "/" for 127.0.0.1 at 2013-01-05 13:05:14 -0200
Processing by HomeController#index as HTML
  Rendered home/index.html.erb within layouts/application (0.0ms)
Compiled home.css  (4ms)  (pid 20828)
Compiled application.css  (1ms)  (pid 20828)
Completed 200 OK in 28ms (Views: 27.6ms | ActiveRecord: 0.0ms)


Started GET "/assets/application.css?body=1" for 127.0.0.1 at 2013-01-05 13:05:14 -0200
Served asset /application.css - 304 Not Modified (4ms)


Started GET "/assets/home.css?body=1" for 127.0.0.1 at 2013-01-05 13:05:14 -0200
Served asset /home.css - 200 OK (1ms)


Started GET "/assets/application.js?body=1" for 127.0.0.1 at 2013-01-05 13:05:14 -0200
Served asset /application.js - 304 Not Modified (1ms)


Started GET "/" for 127.0.0.1 at 2013-01-05 13:08:28 -0200
Processing by HomeController#index as HTML
  Rendered home/index.html.erb within layouts/application (0.0ms)
Completed 200 OK in 13ms (Views: 12.4ms | ActiveRecord: 0.0ms)


Started GET "/assets/home.css?body=1" for 127.0.0.1 at 2013-01-05 13:08:28 -0200
Served asset /home.css - 304 Not Modified (0ms)


Started GET "/assets/application.css?body=1" for 127.0.0.1 at 2013-01-05 13:08:28 -0200
Served asset /application.css - 304 Not Modified (1ms)


Started GET "/assets/home.js?body=1" for 127.0.0.1 at 2013-01-05 13:08:28 -0200
Served asset /home.js - 304 Not Modified (0ms)


Started GET "/assets/application.js?body=1" for 127.0.0.1 at 2013-01-05 13:08:28 -0200
Served asset /application.js - 304 Not Modified (3ms)


Started GET "/assets/jquery.js?body=1" for 127.0.0.1 at 2013-01-05 13:08:28 -0200
Served asset /jquery.js - 304 Not Modified (2ms)


Started GET "/assets/jquery_ujs.js?body=1" for 127.0.0.1 at 2013-01-05 13:08:29 -0200
Served asset /jquery_ujs.js - 304 Not Modified (0ms)


Started GET "/" for 127.0.0.1 at 2013-01-05 13:12:34 -0200
Processing by HomeController#index as HTML
  Rendered home/index.html.erb within layouts/application (0.0ms)
Completed 500 Internal Server Error in 154ms

ActionView::Template::Error (SyntaxError: reserved word "with" on line 15
  (in /home/pegasus/Development/git/001_pandoxsite/app/assets/javascripts/home.js.coffee)):
    3: <head>
    4:   <title>Site</title>
    5:   <%= stylesheet_link_tag    "application", :media => "all" %>
    6:   <%= javascript_include_tag "application" %>
    7:   <%= csrf_meta_tags %>
    8: </head>
    9: <body>
  app/views/layouts/application.html.erb:6:in `_app_views_layouts_application_html_erb__1344962643575157104_70343008229820'


  Rendered /var/lib/gems/1.9.1/gems/actionpack-3.2.10/lib/action_dispatch/middleware/templates/rescues/_trace.erb (1.3ms)
  Rendered /var/lib/gems/1.9.1/gems/actionpack-3.2.10/lib/action_dispatch/middleware/templates/rescues/_request_and_response.erb (0.7ms)
  Rendered /var/lib/gems/1.9.1/gems/actionpack-3.2.10/lib/action_dispatch/middleware/templates/rescues/template_error.erb within rescues/layout (6.6ms)


Started GET "/" for 127.0.0.1 at 2013-01-05 13:13:26 -0200
Processing by HomeController#index as HTML
  Rendered home/index.html.erb within layouts/application (0.0ms)
Completed 500 Internal Server Error in 150ms

ActionView::Template::Error (SyntaxError: reserved word "function" on line 18
  (in /home/pegasus/Development/git/001_pandoxsite/app/assets/javascripts/home.js.coffee)):
    3: <head>
    4:   <title>Site</title>
    5:   <%= stylesheet_link_tag    "application", :media => "all" %>
    6:   <%= javascript_include_tag "application" %>
    7:   <%= csrf_meta_tags %>
    8: </head>
    9: <body>
  app/views/layouts/application.html.erb:6:in `_app_views_layouts_application_html_erb__1344962643575157104_70343008229820'


  Rendered /var/lib/gems/1.9.1/gems/actionpack-3.2.10/lib/action_dispatch/middleware/templates/rescues/_trace.erb (1.0ms)
  Rendered /var/lib/gems/1.9.1/gems/actionpack-3.2.10/lib/action_dispatch/middleware/templates/rescues/_request_and_response.erb (0.8ms)
  Rendered /var/lib/gems/1.9.1/gems/actionpack-3.2.10/lib/action_dispatch/middleware/templates/rescues/template_error.erb within rescues/layout (6.3ms)


Started GET "/" for 127.0.0.1 at 2013-01-05 13:13:45 -0200
Processing by HomeController#index as HTML
  Rendered home/index.html.erb within layouts/application (0.0ms)
Completed 500 Internal Server Error in 126ms

ActionView::Template::Error (SyntaxError: reserved word "function" on line 4
  (in /home/pegasus/Development/git/001_pandoxsite/app/assets/javascripts/home.js.coffee)):
    3: <head>
    4:   <title>Site</title>
    5:   <%= stylesheet_link_tag    "application", :media => "all" %>
    6:   <%= javascript_include_tag "application" %>
    7:   <%= csrf_meta_tags %>
    8: </head>
    9: <body>
  app/views/layouts/application.html.erb:6:in `_app_views_layouts_application_html_erb__1344962643575157104_70343008229820'


  Rendered /var/lib/gems/1.9.1/gems/actionpack-3.2.10/lib/action_dispatch/middleware/templates/rescues/_trace.erb (1.2ms)
  Rendered /var/lib/gems/1.9.1/gems/actionpack-3.2.10/lib/action_dispatch/middleware/templates/rescues/_request_and_response.erb (0.8ms)
  Rendered /var/lib/gems/1.9.1/gems/actionpack-3.2.10/lib/action_dispatch/middleware/templates/rescues/template_error.erb within rescues/layout (6.5ms)


Started GET "/" for 127.0.0.1 at 2013-01-05 13:14:04 -0200
Processing by HomeController#index as HTML
  Rendered home/index.html.erb within layouts/application (0.1ms)
Completed 500 Internal Server Error in 146ms

ActionView::Template::Error (SyntaxError: reserved word "function" on line 4
  (in /home/pegasus/Development/git/001_pandoxsite/app/assets/javascripts/home.js.coffee)):
    3: <head>
    4:   <title>Site</title>
    5:   <%= stylesheet_link_tag    "application", :media => "all" %>
    6:   <%= javascript_include_tag "application" %>
    7:   <%= csrf_meta_tags %>
    8: </head>
    9: <body>
  app/views/layouts/application.html.erb:6:in `_app_views_layouts_application_html_erb__1344962643575157104_70343008229820'


  Rendered /var/lib/gems/1.9.1/gems/actionpack-3.2.10/lib/action_dispatch/middleware/templates/rescues/_trace.erb (1.1ms)
  Rendered /var/lib/gems/1.9.1/gems/actionpack-3.2.10/lib/action_dispatch/middleware/templates/rescues/_request_and_response.erb (0.7ms)
  Rendered /var/lib/gems/1.9.1/gems/actionpack-3.2.10/lib/action_dispatch/middleware/templates/rescues/template_error.erb within rescues/layout (6.1ms)


Started GET "/" for 127.0.0.1 at 2013-01-05 13:14:05 -0200
Processing by HomeController#index as HTML
  Rendered home/index.html.erb within layouts/application (0.1ms)
Completed 500 Internal Server Error in 123ms

ActionView::Template::Error (SyntaxError: reserved word "function" on line 4
  (in /home/pegasus/Development/git/001_pandoxsite/app/assets/javascripts/home.js.coffee)):
    3: <head>
    4:   <title>Site</title>
    5:   <%= stylesheet_link_tag    "application", :media => "all" %>
    6:   <%= javascript_include_tag "application" %>
    7:   <%= csrf_meta_tags %>
    8: </head>
    9: <body>
  app/views/layouts/application.html.erb:6:in `_app_views_layouts_application_html_erb__1344962643575157104_70343008229820'


  Rendered /var/lib/gems/1.9.1/gems/actionpack-3.2.10/lib/action_dispatch/middleware/templates/rescues/_trace.erb (1.1ms)
  Rendered /var/lib/gems/1.9.1/gems/actionpack-3.2.10/lib/action_dispatch/middleware/templates/rescues/_request_and_response.erb (0.8ms)
  Rendered /var/lib/gems/1.9.1/gems/actionpack-3.2.10/lib/action_dispatch/middleware/templates/rescues/template_error.erb within rescues/layout (6.6ms)


Started GET "/" for 127.0.0.1 at 2013-01-05 13:14:05 -0200
Processing by HomeController#index as HTML
  Rendered home/index.html.erb within layouts/application (0.0ms)
Completed 500 Internal Server Error in 151ms

ActionView::Template::Error (SyntaxError: reserved word "function" on line 4
  (in /home/pegasus/Development/git/001_pandoxsite/app/assets/javascripts/home.js.coffee)):
    3: <head>
    4:   <title>Site</title>
    5:   <%= stylesheet_link_tag    "application", :media => "all" %>
    6:   <%= javascript_include_tag "application" %>
    7:   <%= csrf_meta_tags %>
    8: </head>
    9: <body>
  app/views/layouts/application.html.erb:6:in `_app_views_layouts_application_html_erb__1344962643575157104_70343008229820'


  Rendered /var/lib/gems/1.9.1/gems/actionpack-3.2.10/lib/action_dispatch/middleware/templates/rescues/_trace.erb (1.2ms)
  Rendered /var/lib/gems/1.9.1/gems/actionpack-3.2.10/lib/action_dispatch/middleware/templates/rescues/_request_and_response.erb (0.8ms)
  Rendered /var/lib/gems/1.9.1/gems/actionpack-3.2.10/lib/action_dispatch/middleware/templates/rescues/template_error.erb within rescues/layout (9.5ms)


Started GET "/" for 127.0.0.1 at 2013-01-05 13:14:05 -0200
Processing by HomeController#index as HTML
  Rendered home/index.html.erb within layouts/application (0.1ms)
Completed 500 Internal Server Error in 126ms

ActionView::Template::Error (SyntaxError: reserved word "function" on line 4
  (in /home/pegasus/Development/git/001_pandoxsite/app/assets/javascripts/home.js.coffee)):
    3: <head>
    4:   <title>Site</title>
    5:   <%= stylesheet_link_tag    "application", :media => "all" %>
    6:   <%= javascript_include_tag "application" %>
    7:   <%= csrf_meta_tags %>
    8: </head>
    9: <body>
  app/views/layouts/application.html.erb:6:in `_app_views_layouts_application_html_erb__1344962643575157104_70343008229820'


  Rendered /var/lib/gems/1.9.1/gems/actionpack-3.2.10/lib/action_dispatch/middleware/templates/rescues/_trace.erb (1.2ms)
  Rendered /var/lib/gems/1.9.1/gems/actionpack-3.2.10/lib/action_dispatch/middleware/templates/rescues/_request_and_response.erb (0.7ms)
  Rendered /var/lib/gems/1.9.1/gems/actionpack-3.2.10/lib/action_dispatch/middleware/templates/rescues/template_error.erb within rescues/layout (6.4ms)


Started GET "/" for 127.0.0.1 at 2013-01-05 13:14:38 -0200
Processing by HomeController#index as HTML
  Rendered home/index.html.erb within layouts/application (0.1ms)
Compiled application.js  (2ms)  (pid 20828)
Completed 200 OK in 39ms (Views: 38.7ms | ActiveRecord: 0.0ms)


Started GET "/assets/application.css?body=1" for 127.0.0.1 at 2013-01-05 13:14:38 -0200
Served asset /application.css - 304 Not Modified (0ms)


Started GET "/assets/home.css?body=1" for 127.0.0.1 at 2013-01-05 13:14:38 -0200
Served asset /home.css - 304 Not Modified (0ms)


Started GET "/assets/jquery.js?body=1" for 127.0.0.1 at 2013-01-05 13:14:38 -0200
Served asset /jquery.js - 304 Not Modified (2ms)


Started GET "/assets/jquery_ujs.js?body=1" for 127.0.0.1 at 2013-01-05 13:14:38 -0200
Served asset /jquery_ujs.js - 304 Not Modified (0ms)


Started GET "/assets/home.js?body=1" for 127.0.0.1 at 2013-01-05 13:14:38 -0200
Served asset /home.js - 304 Not Modified (0ms)


Started GET "/assets/application.js?body=1" for 127.0.0.1 at 2013-01-05 13:14:38 -0200
Served asset /application.js - 200 OK (11ms)


Started GET "/" for 127.0.0.1 at 2013-01-05 13:16:30 -0200
Processing by HomeController#index as HTML
  Rendered home/index.html.erb within layouts/application (0.1ms)
Completed 200 OK in 11ms (Views: 10.5ms | ActiveRecord: 0.0ms)


Started GET "/assets/application.css?body=1" for 127.0.0.1 at 2013-01-05 13:16:30 -0200
Served asset /application.css - 304 Not Modified (3ms)


Started GET "/assets/home.css?body=1" for 127.0.0.1 at 2013-01-05 13:16:30 -0200
Served asset /home.css - 304 Not Modified (0ms)


Started GET "/assets/jquery.js?body=1" for 127.0.0.1 at 2013-01-05 13:16:30 -0200
Served asset /jquery.js - 304 Not Modified (2ms)


Started GET "/assets/jquery_ujs.js?body=1" for 127.0.0.1 at 2013-01-05 13:16:30 -0200
Served asset /jquery_ujs.js - 304 Not Modified (0ms)


Started GET "/assets/home.js?body=1" for 127.0.0.1 at 2013-01-05 13:16:30 -0200
Served asset /home.js - 304 Not Modified (0ms)


Started GET "/assets/application.js?body=1" for 127.0.0.1 at 2013-01-05 13:16:30 -0200
Served asset /application.js - 304 Not Modified (3ms)


Started GET "/" for 127.0.0.1 at 2013-01-05 13:17:25 -0200
Processing by HomeController#index as HTML
  Rendered home/index.html.erb within layouts/application (0.0ms)
Compiled application.js  (2ms)  (pid 20828)
Completed 200 OK in 37ms (Views: 36.9ms | ActiveRecord: 0.0ms)


Started GET "/assets/application.css?body=1" for 127.0.0.1 at 2013-01-05 13:17:25 -0200
Served asset /application.css - 304 Not Modified (0ms)


Started GET "/assets/jquery.js?body=1" for 127.0.0.1 at 2013-01-05 13:17:25 -0200
Served asset /jquery.js - 304 Not Modified (1ms)


Started GET "/assets/jquery_ujs.js?body=1" for 127.0.0.1 at 2013-01-05 13:17:25 -0200
Served asset /jquery_ujs.js - 304 Not Modified (0ms)


Started GET "/assets/home.js?body=1" for 127.0.0.1 at 2013-01-05 13:17:25 -0200
Served asset /home.js - 304 Not Modified (0ms)


Started GET "/assets/home.css?body=1" for 127.0.0.1 at 2013-01-05 13:17:25 -0200
Served asset /home.css - 304 Not Modified (0ms)


Started GET "/assets/application.js?body=1" for 127.0.0.1 at 2013-01-05 13:17:25 -0200
Served asset /application.js - 200 OK (11ms)


Started GET "/" for 127.0.0.1 at 2013-01-05 13:18:51 -0200
Processing by HomeController#index as HTML
  Rendered home/index.html.erb within layouts/application (0.0ms)
Completed 500 Internal Server Error in 17ms

ActionView::Template::Error (Invalid CSS after "	none": expected "{", was ";"
  (in /home/pegasus/Development/git/001_pandoxsite/app/assets/stylesheets/home.css.scss)):
    2: <html>
    3: <head>
    4:   <title>Site</title>
    5:   <%= stylesheet_link_tag    "application", :media => "all" %>
    6:   <%= javascript_include_tag "application" %>
    7:   <%= csrf_meta_tags %>
    8: </head>
  app/assets/stylesheets/home.css.scss:37
  app/views/layouts/application.html.erb:5:in `_app_views_layouts_application_html_erb__1344962643575157104_70343008229820'


  Rendered /var/lib/gems/1.9.1/gems/actionpack-3.2.10/lib/action_dispatch/middleware/templates/rescues/_trace.erb (1.2ms)
  Rendered /var/lib/gems/1.9.1/gems/actionpack-3.2.10/lib/action_dispatch/middleware/templates/rescues/_request_and_response.erb (0.7ms)
  Rendered /var/lib/gems/1.9.1/gems/actionpack-3.2.10/lib/action_dispatch/middleware/templates/rescues/template_error.erb within rescues/layout (6.3ms)


Started GET "/" for 127.0.0.1 at 2013-01-05 13:19:04 -0200
Processing by HomeController#index as HTML
  Rendered home/index.html.erb within layouts/application (0.1ms)
Completed 500 Internal Server Error in 29ms

ActionView::Template::Error (Invalid CSS after "	none": expected "{", was ";"
  (in /home/pegasus/Development/git/001_pandoxsite/app/assets/stylesheets/home.css.scss)):
    2: <html>
    3: <head>
    4:   <title>Site</title>
    5:   <%= stylesheet_link_tag    "application", :media => "all" %>
    6:   <%= javascript_include_tag "application" %>
    7:   <%= csrf_meta_tags %>
    8: </head>
  app/assets/stylesheets/home.css.scss:36
  app/views/layouts/application.html.erb:5:in `_app_views_layouts_application_html_erb__1344962643575157104_70343008229820'


  Rendered /var/lib/gems/1.9.1/gems/actionpack-3.2.10/lib/action_dispatch/middleware/templates/rescues/_trace.erb (1.0ms)
  Rendered /var/lib/gems/1.9.1/gems/actionpack-3.2.10/lib/action_dispatch/middleware/templates/rescues/_request_and_response.erb (0.7ms)
  Rendered /var/lib/gems/1.9.1/gems/actionpack-3.2.10/lib/action_dispatch/middleware/templates/rescues/template_error.erb within rescues/layout (5.9ms)


Started GET "/" for 127.0.0.1 at 2013-01-05 13:20:09 -0200
Processing by HomeController#index as HTML
  Rendered home/index.html.erb within layouts/application (0.1ms)
Compiled home.css  (4ms)  (pid 20828)
Compiled application.css  (0ms)  (pid 20828)
Compiled application.js  (1ms)  (pid 20828)
Completed 200 OK in 33ms (Views: 32.7ms | ActiveRecord: 0.0ms)


Started GET "/assets/application.css?body=1" for 127.0.0.1 at 2013-01-05 13:20:09 -0200
Served asset /application.css - 304 Not Modified (10ms)


Started GET "/assets/jquery.js?body=1" for 127.0.0.1 at 2013-01-05 13:20:10 -0200
Served asset /jquery.js - 304 Not Modified (2ms)


Started GET "/assets/home.css?body=1" for 127.0.0.1 at 2013-01-05 13:20:10 -0200
Served asset /home.css - 200 OK (3ms)


Started GET "/assets/jquery_ujs.js?body=1" for 127.0.0.1 at 2013-01-05 13:20:10 -0200
Served asset /jquery_ujs.js - 304 Not Modified (0ms)


Started GET "/assets/home.js?body=1" for 127.0.0.1 at 2013-01-05 13:20:10 -0200
Served asset /home.js - 304 Not Modified (0ms)


Started GET "/assets/application.js?body=1" for 127.0.0.1 at 2013-01-05 13:20:10 -0200
Served asset /application.js - 200 OK (30ms)


Started GET "/" for 127.0.0.1 at 2013-01-05 13:20:17 -0200
Processing by HomeController#index as HTML
  Rendered home/index.html.erb within layouts/application (0.0ms)
Compiled home.css  (2ms)  (pid 20828)
Compiled application.css  (0ms)  (pid 20828)
Completed 200 OK in 16ms (Views: 15.4ms | ActiveRecord: 0.0ms)


Started GET "/assets/application.css?body=1" for 127.0.0.1 at 2013-01-05 13:20:17 -0200
Served asset /application.css - 304 Not Modified (9ms)


Started GET "/assets/jquery_ujs.js?body=1" for 127.0.0.1 at 2013-01-05 13:20:17 -0200
Served asset /jquery_ujs.js - 304 Not Modified (1ms)


Started GET "/assets/jquery.js?body=1" for 127.0.0.1 at 2013-01-05 13:20:17 -0200
Served asset /jquery.js - 304 Not Modified (0ms)


Started GET "/assets/home.css?body=1" for 127.0.0.1 at 2013-01-05 13:20:17 -0200
Served asset /home.css - 200 OK (1ms)


Started GET "/assets/application.js?body=1" for 127.0.0.1 at 2013-01-05 13:20:17 -0200
Served asset /application.js - 304 Not Modified (2ms)


Started GET "/assets/home.js?body=1" for 127.0.0.1 at 2013-01-05 13:20:17 -0200
Served asset /home.js - 304 Not Modified (0ms)


Started GET "/" for 127.0.0.1 at 2013-01-05 13:20:22 -0200
Processing by HomeController#index as HTML
  Rendered home/index.html.erb within layouts/application (0.0ms)
Completed 500 Internal Server Error in 8ms

ActionView::Template::Error (Invalid CSS after "	none": expected "{", was ";"
  (in /home/pegasus/Development/git/001_pandoxsite/app/assets/stylesheets/home.css.scss)):
    2: <html>
    3: <head>
    4:   <title>Site</title>
    5:   <%= stylesheet_link_tag    "application", :media => "all" %>
    6:   <%= javascript_include_tag "application" %>
    7:   <%= csrf_meta_tags %>
    8: </head>
  app/assets/stylesheets/home.css.scss:36
  app/views/layouts/application.html.erb:5:in `_app_views_layouts_application_html_erb__1344962643575157104_70343008229820'


  Rendered /var/lib/gems/1.9.1/gems/actionpack-3.2.10/lib/action_dispatch/middleware/templates/rescues/_trace.erb (1.1ms)
  Rendered /var/lib/gems/1.9.1/gems/actionpack-3.2.10/lib/action_dispatch/middleware/templates/rescues/_request_and_response.erb (0.8ms)
  Rendered /var/lib/gems/1.9.1/gems/actionpack-3.2.10/lib/action_dispatch/middleware/templates/rescues/template_error.erb within rescues/layout (6.6ms)


Started GET "/" for 127.0.0.1 at 2013-01-05 13:20:28 -0200
Processing by HomeController#index as HTML
  Rendered home/index.html.erb within layouts/application (0.1ms)
Completed 500 Internal Server Error in 13ms

ActionView::Template::Error (Invalid CSS after "	none": expected "{", was ";"
  (in /home/pegasus/Development/git/001_pandoxsite/app/assets/stylesheets/home.css.scss)):
    2: <html>
    3: <head>
    4:   <title>Site</title>
    5:   <%= stylesheet_link_tag    "application", :media => "all" %>
    6:   <%= javascript_include_tag "application" %>
    7:   <%= csrf_meta_tags %>
    8: </head>
  app/assets/stylesheets/home.css.scss:36
  app/views/layouts/application.html.erb:5:in `_app_views_layouts_application_html_erb__1344962643575157104_70343008229820'


  Rendered /var/lib/gems/1.9.1/gems/actionpack-3.2.10/lib/action_dispatch/middleware/templates/rescues/_trace.erb (1.3ms)
  Rendered /var/lib/gems/1.9.1/gems/actionpack-3.2.10/lib/action_dispatch/middleware/templates/rescues/_request_and_response.erb (0.7ms)
  Rendered /var/lib/gems/1.9.1/gems/actionpack-3.2.10/lib/action_dispatch/middleware/templates/rescues/template_error.erb within rescues/layout (6.6ms)


Started GET "/" for 127.0.0.1 at 2013-01-05 13:20:36 -0200
Processing by HomeController#index as HTML
  Rendered home/index.html.erb within layouts/application (0.1ms)
Compiled home.css  (20ms)  (pid 20828)
Compiled application.css  (0ms)  (pid 20828)
Completed 200 OK in 53ms (Views: 53.0ms | ActiveRecord: 0.0ms)


Started GET "/assets/application.css?body=1" for 127.0.0.1 at 2013-01-05 13:20:36 -0200
Served asset /application.css - 304 Not Modified (41ms)


Started GET "/assets/jquery.js?body=1" for 127.0.0.1 at 2013-01-05 13:20:36 -0200
Served asset /jquery.js - 304 Not Modified (2ms)


Started GET "/assets/application.js?body=1" for 127.0.0.1 at 2013-01-05 13:20:36 -0200
Served asset /application.js - 304 Not Modified (3ms)


Started GET "/assets/home.css?body=1" for 127.0.0.1 at 2013-01-05 13:20:36 -0200
Served asset /home.css - 200 OK (2ms)


Started GET "/assets/jquery_ujs.js?body=1" for 127.0.0.1 at 2013-01-05 13:20:36 -0200
Served asset /jquery_ujs.js - 304 Not Modified (0ms)


Started GET "/assets/home.js?body=1" for 127.0.0.1 at 2013-01-05 13:20:36 -0200
Served asset /home.js - 304 Not Modified (0ms)


Started GET "/" for 127.0.0.1 at 2013-01-05 13:20:50 -0200
Processing by HomeController#index as HTML
  Rendered home/index.html.erb within layouts/application (0.1ms)
Compiled home.css  (29ms)  (pid 20828)
Compiled application.css  (0ms)  (pid 20828)
Completed 200 OK in 47ms (Views: 46.9ms | ActiveRecord: 0.0ms)


Started GET "/assets/application.css?body=1" for 127.0.0.1 at 2013-01-05 13:20:50 -0200
Served asset /application.css - 304 Not Modified (14ms)


Started GET "/assets/home.css?body=1" for 127.0.0.1 at 2013-01-05 13:20:50 -0200
Served asset /home.css - 200 OK (3ms)


Started GET "/assets/jquery_ujs.js?body=1" for 127.0.0.1 at 2013-01-05 13:20:50 -0200
Served asset /jquery_ujs.js - 304 Not Modified (0ms)


Started GET "/assets/jquery.js?body=1" for 127.0.0.1 at 2013-01-05 13:20:50 -0200
Served asset /jquery.js - 304 Not Modified (2ms)


Started GET "/assets/application.js?body=1" for 127.0.0.1 at 2013-01-05 13:20:50 -0200
Served asset /application.js - 304 Not Modified (3ms)


Started GET "/assets/home.js?body=1" for 127.0.0.1 at 2013-01-05 13:20:50 -0200
Served asset /home.js - 304 Not Modified (0ms)


Started GET "/" for 127.0.0.1 at 2013-01-05 13:20:50 -0200
Processing by HomeController#index as HTML
  Rendered home/index.html.erb within layouts/application (0.1ms)
Completed 200 OK in 11ms (Views: 10.3ms | ActiveRecord: 0.0ms)


Started GET "/assets/application.css?body=1" for 127.0.0.1 at 2013-01-05 13:20:51 -0200
Served asset /application.css - 304 Not Modified (6ms)


Started GET "/assets/home.css?body=1" for 127.0.0.1 at 2013-01-05 13:20:51 -0200
Served asset /home.css - 304 Not Modified (0ms)


Started GET "/assets/jquery_ujs.js?body=1" for 127.0.0.1 at 2013-01-05 13:20:51 -0200
Served asset /jquery_ujs.js - 304 Not Modified (0ms)


Started GET "/assets/home.js?body=1" for 127.0.0.1 at 2013-01-05 13:20:51 -0200
Served asset /home.js - 304 Not Modified (0ms)


Started GET "/assets/jquery.js?body=1" for 127.0.0.1 at 2013-01-05 13:20:51 -0200
Served asset /jquery.js - 304 Not Modified (2ms)


Started GET "/assets/application.js?body=1" for 127.0.0.1 at 2013-01-05 13:20:51 -0200
Served asset /application.js - 304 Not Modified (3ms)


Started GET "/" for 127.0.0.1 at 2013-01-05 13:20:51 -0200
Processing by HomeController#index as HTML
  Rendered home/index.html.erb within layouts/application (0.0ms)
Completed 200 OK in 11ms (Views: 10.5ms | ActiveRecord: 0.0ms)


Started GET "/assets/application.css?body=1" for 127.0.0.1 at 2013-01-05 13:20:51 -0200
Served asset /application.css - 304 Not Modified (1ms)


Started GET "/assets/home.css?body=1" for 127.0.0.1 at 2013-01-05 13:20:51 -0200
Served asset /home.css - 304 Not Modified (0ms)


Started GET "/assets/jquery.js?body=1" for 127.0.0.1 at 2013-01-05 13:20:51 -0200
Served asset /jquery.js - 304 Not Modified (1ms)


Started GET "/assets/home.js?body=1" for 127.0.0.1 at 2013-01-05 13:20:51 -0200
Served asset /home.js - 304 Not Modified (0ms)


Started GET "/assets/jquery_ujs.js?body=1" for 127.0.0.1 at 2013-01-05 13:20:51 -0200
Served asset /jquery_ujs.js - 304 Not Modified (0ms)


Started GET "/assets/application.js?body=1" for 127.0.0.1 at 2013-01-05 13:20:51 -0200
Served asset /application.js - 304 Not Modified (2ms)


Started GET "/Default.aspx" for 127.0.0.1 at 2013-01-05 13:20:55 -0200

ActionController::RoutingError (No route matches [GET] "/Default.aspx"):
  actionpack (3.2.10) lib/action_dispatch/middleware/debug_exceptions.rb:21:in `call'
  actionpack (3.2.10) lib/action_dispatch/middleware/show_exceptions.rb:56:in `call'
  railties (3.2.10) lib/rails/rack/logger.rb:32:in `call_app'
  railties (3.2.10) lib/rails/rack/logger.rb:16:in `block in call'
  activesupport (3.2.10) lib/active_support/tagged_logging.rb:22:in `tagged'
  railties (3.2.10) lib/rails/rack/logger.rb:16:in `call'
  actionpack (3.2.10) lib/action_dispatch/middleware/request_id.rb:22:in `call'
  rack (1.4.1) lib/rack/methodoverride.rb:21:in `call'
  rack (1.4.1) lib/rack/runtime.rb:17:in `call'
  activesupport (3.2.10) lib/active_support/cache/strategy/local_cache.rb:72:in `call'
  rack (1.4.1) lib/rack/lock.rb:15:in `call'
  actionpack (3.2.10) lib/action_dispatch/middleware/static.rb:62:in `call'
  railties (3.2.10) lib/rails/engine.rb:479:in `call'
  railties (3.2.10) lib/rails/application.rb:223:in `call'
  rack (1.4.1) lib/rack/content_length.rb:14:in `call'
  railties (3.2.10) lib/rails/rack/log_tailer.rb:17:in `call'
  rack (1.4.1) lib/rack/handler/webrick.rb:59:in `service'
  /usr/lib/ruby/1.9.1/webrick/httpserver.rb:138:in `service'
  /usr/lib/ruby/1.9.1/webrick/httpserver.rb:94:in `run'
  /usr/lib/ruby/1.9.1/webrick/server.rb:191:in `block in start_thread'


  Rendered /var/lib/gems/1.9.1/gems/actionpack-3.2.10/lib/action_dispatch/middleware/templates/rescues/routing_error.erb within rescues/layout (1.1ms)


Started GET "/" for 127.0.0.1 at 2013-01-05 13:20:58 -0200
Processing by HomeController#index as HTML
  Rendered home/index.html.erb within layouts/application (0.0ms)
Completed 200 OK in 6ms (Views: 6.0ms | ActiveRecord: 0.0ms)


Started GET "/assets/application.css?body=1" for 127.0.0.1 at 2013-01-05 13:20:58 -0200
Served asset /application.css - 304 Not Modified (3ms)


Started GET "/assets/home.css?body=1" for 127.0.0.1 at 2013-01-05 13:20:58 -0200
Served asset /home.css - 304 Not Modified (0ms)


Started GET "/assets/jquery.js?body=1" for 127.0.0.1 at 2013-01-05 13:20:58 -0200
Served asset /jquery.js - 304 Not Modified (2ms)


Started GET "/assets/jquery_ujs.js?body=1" for 127.0.0.1 at 2013-01-05 13:20:58 -0200
Served asset /jquery_ujs.js - 304 Not Modified (0ms)


Started GET "/assets/home.js?body=1" for 127.0.0.1 at 2013-01-05 13:20:58 -0200
Served asset /home.js - 304 Not Modified (0ms)


Started GET "/assets/application.js?body=1" for 127.0.0.1 at 2013-01-05 13:20:58 -0200
Served asset /application.js - 304 Not Modified (27ms)


Started GET "/" for 127.0.0.1 at 2013-01-05 13:21:59 -0200
Processing by HomeController#index as HTML
  Rendered home/index.html.erb within layouts/application (0.1ms)
Compiled home.css  (28ms)  (pid 20828)
Compiled application.css  (0ms)  (pid 20828)
Completed 200 OK in 46ms (Views: 45.6ms | ActiveRecord: 0.0ms)


Started GET "/assets/home.css?body=1" for 127.0.0.1 at 2013-01-05 13:21:59 -0200
Served asset /home.css - 200 OK (6ms)


Started GET "/assets/jquery.js?body=1" for 127.0.0.1 at 2013-01-05 13:21:59 -0200
Served asset /jquery.js - 304 Not Modified (2ms)


Started GET "/assets/application.css?body=1" for 127.0.0.1 at 2013-01-05 13:21:59 -0200
Served asset /application.css - 304 Not Modified (5ms)


Started GET "/assets/home.js?body=1" for 127.0.0.1 at 2013-01-05 13:21:59 -0200
Served asset /home.js - 304 Not Modified (0ms)


Started GET "/assets/application.js?body=1" for 127.0.0.1 at 2013-01-05 13:21:59 -0200
Served asset /application.js - 304 Not Modified (3ms)


Started GET "/assets/jquery_ujs.js?body=1" for 127.0.0.1 at 2013-01-05 13:21:59 -0200
Served asset /jquery_ujs.js - 304 Not Modified (0ms)


Started GET "/" for 127.0.0.1 at 2013-01-05 13:22:18 -0200
Processing by HomeController#index as HTML
  Rendered home/index.html.erb within layouts/application (0.1ms)
Completed 200 OK in 8ms (Views: 8.0ms | ActiveRecord: 0.0ms)


Started GET "/assets/application.css?body=1" for 127.0.0.1 at 2013-01-05 13:22:18 -0200
Served asset /application.css - 304 Not Modified (6ms)


Started GET "/assets/application.js?body=1" for 127.0.0.1 at 2013-01-05 13:22:18 -0200
Served asset /application.js - 304 Not Modified (3ms)


Started GET "/assets/home.css?body=1" for 127.0.0.1 at 2013-01-05 13:22:18 -0200
Served asset /home.css - 304 Not Modified (0ms)


Started GET "/assets/home.js?body=1" for 127.0.0.1 at 2013-01-05 13:22:18 -0200
Served asset /home.js - 304 Not Modified (0ms)


Started GET "/assets/jquery.js?body=1" for 127.0.0.1 at 2013-01-05 13:22:18 -0200
Served asset /jquery.js - 304 Not Modified (2ms)


Started GET "/assets/jquery_ujs.js?body=1" for 127.0.0.1 at 2013-01-05 13:22:18 -0200
Served asset /jquery_ujs.js - 304 Not Modified (0ms)


Started GET "/" for 127.0.0.1 at 2013-01-05 13:23:56 -0200
Processing by HomeController#index as HTML
  Rendered home/index.html.erb within layouts/application (0.1ms)
Completed 200 OK in 10ms (Views: 9.9ms | ActiveRecord: 0.0ms)


Started GET "/assets/application.css?body=1" for 127.0.0.1 at 2013-01-05 13:23:56 -0200
Served asset /application.css - 304 Not Modified (2ms)


Started GET "/assets/jquery.js?body=1" for 127.0.0.1 at 2013-01-05 13:23:56 -0200
Served asset /jquery.js - 304 Not Modified (2ms)


Started GET "/assets/jquery_ujs.js?body=1" for 127.0.0.1 at 2013-01-05 13:23:56 -0200
Served asset /jquery_ujs.js - 304 Not Modified (0ms)


Started GET "/assets/home.css?body=1" for 127.0.0.1 at 2013-01-05 13:23:56 -0200
Served asset /home.css - 304 Not Modified (0ms)


Started GET "/assets/home.js?body=1" for 127.0.0.1 at 2013-01-05 13:23:56 -0200
Served asset /home.js - 304 Not Modified (0ms)


Started GET "/assets/application.js?body=1" for 127.0.0.1 at 2013-01-05 13:23:56 -0200
Served asset /application.js - 304 Not Modified (3ms)


Started GET "/" for 127.0.0.1 at 2013-01-05 13:23:57 -0200
Processing by HomeController#index as HTML
  Rendered home/index.html.erb within layouts/application (0.0ms)
Completed 200 OK in 5ms (Views: 5.2ms | ActiveRecord: 0.0ms)


Started GET "/assets/application.css?body=1" for 127.0.0.1 at 2013-01-05 13:23:57 -0200
Served asset /application.css - 304 Not Modified (0ms)


Started GET "/assets/home.css?body=1" for 127.0.0.1 at 2013-01-05 13:23:57 -0200
Served asset /home.css - 304 Not Modified (0ms)


Started GET "/assets/jquery.js?body=1" for 127.0.0.1 at 2013-01-05 13:23:57 -0200
Served asset /jquery.js - 304 Not Modified (2ms)


Started GET "/assets/home.js?body=1" for 127.0.0.1 at 2013-01-05 13:23:57 -0200
Served asset /home.js - 304 Not Modified (0ms)


Started GET "/assets/jquery_ujs.js?body=1" for 127.0.0.1 at 2013-01-05 13:23:57 -0200
Served asset /jquery_ujs.js - 304 Not Modified (0ms)


Started GET "/assets/application.js?body=1" for 127.0.0.1 at 2013-01-05 13:23:57 -0200
Served asset /application.js - 304 Not Modified (1ms)


Started GET "/" for 127.0.0.1 at 2013-01-05 13:23:57 -0200
Processing by HomeController#index as HTML
  Rendered home/index.html.erb within layouts/application (0.0ms)
Completed 200 OK in 5ms (Views: 5.1ms | ActiveRecord: 0.0ms)


Started GET "/assets/application.css?body=1" for 127.0.0.1 at 2013-01-05 13:23:57 -0200
Served asset /application.css - 304 Not Modified (31ms)


Started GET "/assets/home.css?body=1" for 127.0.0.1 at 2013-01-05 13:23:57 -0200
Served asset /home.css - 304 Not Modified (0ms)


Started GET "/assets/home.js?body=1" for 127.0.0.1 at 2013-01-05 13:23:57 -0200
Served asset /home.js - 304 Not Modified (0ms)


Started GET "/assets/jquery.js?body=1" for 127.0.0.1 at 2013-01-05 13:23:57 -0200
Served asset /jquery.js - 304 Not Modified (2ms)


Started GET "/assets/jquery_ujs.js?body=1" for 127.0.0.1 at 2013-01-05 13:23:57 -0200
Served asset /jquery_ujs.js - 304 Not Modified (0ms)


Started GET "/assets/application.js?body=1" for 127.0.0.1 at 2013-01-05 13:23:57 -0200
Served asset /application.js - 304 Not Modified (3ms)


Started GET "/" for 127.0.0.1 at 2013-01-05 13:23:57 -0200
Processing by HomeController#index as HTML
  Rendered home/index.html.erb within layouts/application (0.1ms)
Completed 200 OK in 11ms (Views: 10.5ms | ActiveRecord: 0.0ms)


Started GET "/assets/application.css?body=1" for 127.0.0.1 at 2013-01-05 13:23:57 -0200
Served asset /application.css - 304 Not Modified (2ms)


Started GET "/assets/home.css?body=1" for 127.0.0.1 at 2013-01-05 13:23:57 -0200
Served asset /home.css - 304 Not Modified (0ms)


Started GET "/assets/jquery_ujs.js?body=1" for 127.0.0.1 at 2013-01-05 13:23:57 -0200
Served asset /jquery_ujs.js - 304 Not Modified (0ms)


Started GET "/assets/home.js?body=1" for 127.0.0.1 at 2013-01-05 13:23:57 -0200
Served asset /home.js - 304 Not Modified (0ms)


Started GET "/assets/application.js?body=1" for 127.0.0.1 at 2013-01-05 13:23:57 -0200
Served asset /application.js - 304 Not Modified (3ms)


Started GET "/assets/jquery.js?body=1" for 127.0.0.1 at 2013-01-05 13:23:57 -0200
Served asset /jquery.js - 304 Not Modified (2ms)


Started GET "/" for 127.0.0.1 at 2013-01-05 13:23:57 -0200
Processing by HomeController#index as HTML
  Rendered home/index.html.erb within layouts/application (0.0ms)
Completed 200 OK in 8ms (Views: 7.6ms | ActiveRecord: 0.0ms)


Started GET "/assets/application.css?body=1" for 127.0.0.1 at 2013-01-05 13:23:57 -0200
Served asset /application.css - 304 Not Modified (1ms)


Started GET "/assets/jquery_ujs.js?body=1" for 127.0.0.1 at 2013-01-05 13:23:57 -0200
Served asset /jquery_ujs.js - 304 Not Modified (0ms)


Started GET "/assets/home.css?body=1" for 127.0.0.1 at 2013-01-05 13:23:57 -0200
Served asset /home.css - 304 Not Modified (0ms)


Started GET "/assets/jquery.js?body=1" for 127.0.0.1 at 2013-01-05 13:23:57 -0200
Served asset /jquery.js - 304 Not Modified (2ms)


Started GET "/assets/home.js?body=1" for 127.0.0.1 at 2013-01-05 13:23:57 -0200
Served asset /home.js - 304 Not Modified (0ms)


Started GET "/assets/application.js?body=1" for 127.0.0.1 at 2013-01-05 13:23:57 -0200
Served asset /application.js - 304 Not Modified (3ms)


Started GET "/" for 127.0.0.1 at 2013-01-05 13:24:05 -0200
Processing by HomeController#index as HTML
  Rendered home/index.html.erb within layouts/application (0.0ms)
Completed 200 OK in 11ms (Views: 11.0ms | ActiveRecord: 0.0ms)


Started GET "/assets/application.css?body=1" for 127.0.0.1 at 2013-01-05 13:24:05 -0200
Served asset /application.css - 304 Not Modified (4ms)


Started GET "/assets/jquery.js?body=1" for 127.0.0.1 at 2013-01-05 13:24:05 -0200
Served asset /jquery.js - 304 Not Modified (0ms)


Started GET "/assets/application.js?body=1" for 127.0.0.1 at 2013-01-05 13:24:05 -0200
Served asset /application.js - 304 Not Modified (2ms)


Started GET "/assets/jquery_ujs.js?body=1" for 127.0.0.1 at 2013-01-05 13:24:05 -0200
Served asset /jquery_ujs.js - 304 Not Modified (0ms)


Started GET "/assets/home.css?body=1" for 127.0.0.1 at 2013-01-05 13:24:05 -0200
Served asset /home.css - 304 Not Modified (0ms)


Started GET "/assets/home.js?body=1" for 127.0.0.1 at 2013-01-05 13:24:05 -0200
Served asset /home.js - 304 Not Modified (0ms)


Started GET "/pandox_logo_FINAL_2.png" for 127.0.0.1 at 2013-01-05 13:24:05 -0200

ActionController::RoutingError (No route matches [GET] "/pandox_logo_FINAL_2.png"):
  actionpack (3.2.10) lib/action_dispatch/middleware/debug_exceptions.rb:21:in `call'
  actionpack (3.2.10) lib/action_dispatch/middleware/show_exceptions.rb:56:in `call'
  railties (3.2.10) lib/rails/rack/logger.rb:32:in `call_app'
  railties (3.2.10) lib/rails/rack/logger.rb:16:in `block in call'
  activesupport (3.2.10) lib/active_support/tagged_logging.rb:22:in `tagged'
  railties (3.2.10) lib/rails/rack/logger.rb:16:in `call'
  actionpack (3.2.10) lib/action_dispatch/middleware/request_id.rb:22:in `call'
  rack (1.4.1) lib/rack/methodoverride.rb:21:in `call'
  rack (1.4.1) lib/rack/runtime.rb:17:in `call'
  activesupport (3.2.10) lib/active_support/cache/strategy/local_cache.rb:72:in `call'
  rack (1.4.1) lib/rack/lock.rb:15:in `call'
  actionpack (3.2.10) lib/action_dispatch/middleware/static.rb:62:in `call'
  railties (3.2.10) lib/rails/engine.rb:479:in `call'
  railties (3.2.10) lib/rails/application.rb:223:in `call'
  rack (1.4.1) lib/rack/content_length.rb:14:in `call'
  railties (3.2.10) lib/rails/rack/log_tailer.rb:17:in `call'
  rack (1.4.1) lib/rack/handler/webrick.rb:59:in `service'
  /usr/lib/ruby/1.9.1/webrick/httpserver.rb:138:in `service'
  /usr/lib/ruby/1.9.1/webrick/httpserver.rb:94:in `run'
  /usr/lib/ruby/1.9.1/webrick/server.rb:191:in `block in start_thread'


  Rendered /var/lib/gems/1.9.1/gems/actionpack-3.2.10/lib/action_dispatch/middleware/templates/rescues/routing_error.erb within rescues/layout (0.5ms)


Started GET "/" for 127.0.0.1 at 2013-01-05 13:24:20 -0200
Processing by HomeController#index as HTML
  Rendered home/index.html.erb within layouts/application (0.1ms)
Completed 200 OK in 9ms (Views: 9.0ms | ActiveRecord: 0.0ms)


Started GET "/assets/application.css?body=1" for 127.0.0.1 at 2013-01-05 13:24:20 -0200
Served asset /application.css - 304 Not Modified (0ms)


Started GET "/assets/jquery_ujs.js?body=1" for 127.0.0.1 at 2013-01-05 13:24:20 -0200
Served asset /jquery_ujs.js - 304 Not Modified (0ms)


Started GET "/assets/application.js?body=1" for 127.0.0.1 at 2013-01-05 13:24:20 -0200
Served asset /application.js - 304 Not Modified (3ms)


Started GET "/assets/jquery.js?body=1" for 127.0.0.1 at 2013-01-05 13:24:20 -0200
Served asset /jquery.js - 304 Not Modified (0ms)


Started GET "/assets/home.js?body=1" for 127.0.0.1 at 2013-01-05 13:24:20 -0200
Served asset /home.js - 304 Not Modified (0ms)


Started GET "/assets/home.css?body=1" for 127.0.0.1 at 2013-01-05 13:24:20 -0200
Served asset /home.css - 304 Not Modified (0ms)


Started GET "/images/pandox_logo_FINAL_2.png" for 127.0.0.1 at 2013-01-05 13:24:20 -0200

ActionController::RoutingError (No route matches [GET] "/images/pandox_logo_FINAL_2.png"):
  actionpack (3.2.10) lib/action_dispatch/middleware/debug_exceptions.rb:21:in `call'
  actionpack (3.2.10) lib/action_dispatch/middleware/show_exceptions.rb:56:in `call'
  railties (3.2.10) lib/rails/rack/logger.rb:32:in `call_app'
  railties (3.2.10) lib/rails/rack/logger.rb:16:in `block in call'
  activesupport (3.2.10) lib/active_support/tagged_logging.rb:22:in `tagged'
  railties (3.2.10) lib/rails/rack/logger.rb:16:in `call'
  actionpack (3.2.10) lib/action_dispatch/middleware/request_id.rb:22:in `call'
  rack (1.4.1) lib/rack/methodoverride.rb:21:in `call'
  rack (1.4.1) lib/rack/runtime.rb:17:in `call'
  activesupport (3.2.10) lib/active_support/cache/strategy/local_cache.rb:72:in `call'
  rack (1.4.1) lib/rack/lock.rb:15:in `call'
  actionpack (3.2.10) lib/action_dispatch/middleware/static.rb:62:in `call'
  railties (3.2.10) lib/rails/engine.rb:479:in `call'
  railties (3.2.10) lib/rails/application.rb:223:in `call'
  rack (1.4.1) lib/rack/content_length.rb:14:in `call'
  railties (3.2.10) lib/rails/rack/log_tailer.rb:17:in `call'
  rack (1.4.1) lib/rack/handler/webrick.rb:59:in `service'
  /usr/lib/ruby/1.9.1/webrick/httpserver.rb:138:in `service'
  /usr/lib/ruby/1.9.1/webrick/httpserver.rb:94:in `run'
  /usr/lib/ruby/1.9.1/webrick/server.rb:191:in `block in start_thread'


  Rendered /var/lib/gems/1.9.1/gems/actionpack-3.2.10/lib/action_dispatch/middleware/templates/rescues/routing_error.erb within rescues/layout (0.5ms)


Started GET "/" for 127.0.0.1 at 2013-01-05 13:24:20 -0200
Processing by HomeController#index as HTML
  Rendered home/index.html.erb within layouts/application (0.0ms)
Completed 200 OK in 5ms (Views: 4.6ms | ActiveRecord: 0.0ms)


Started GET "/assets/application.css?body=1" for 127.0.0.1 at 2013-01-05 13:24:20 -0200
Served asset /application.css - 304 Not Modified (2ms)


Started GET "/assets/home.css?body=1" for 127.0.0.1 at 2013-01-05 13:24:20 -0200
Served asset /home.css - 304 Not Modified (0ms)


Started GET "/assets/jquery_ujs.js?body=1" for 127.0.0.1 at 2013-01-05 13:24:20 -0200
Served asset /jquery_ujs.js - 304 Not Modified (0ms)


Started GET "/assets/jquery.js?body=1" for 127.0.0.1 at 2013-01-05 13:24:20 -0200
Served asset /jquery.js - 304 Not Modified (0ms)


Started GET "/assets/home.js?body=1" for 127.0.0.1 at 2013-01-05 13:24:20 -0200
Served asset /home.js - 304 Not Modified (0ms)


Started GET "/assets/application.js?body=1" for 127.0.0.1 at 2013-01-05 13:24:20 -0200
Served asset /application.js - 304 Not Modified (3ms)


Started GET "/images/pandox_logo_FINAL_2.png" for 127.0.0.1 at 2013-01-05 13:24:21 -0200

ActionController::RoutingError (No route matches [GET] "/images/pandox_logo_FINAL_2.png"):
  actionpack (3.2.10) lib/action_dispatch/middleware/debug_exceptions.rb:21:in `call'
  actionpack (3.2.10) lib/action_dispatch/middleware/show_exceptions.rb:56:in `call'
  railties (3.2.10) lib/rails/rack/logger.rb:32:in `call_app'
  railties (3.2.10) lib/rails/rack/logger.rb:16:in `block in call'
  activesupport (3.2.10) lib/active_support/tagged_logging.rb:22:in `tagged'
  railties (3.2.10) lib/rails/rack/logger.rb:16:in `call'
  actionpack (3.2.10) lib/action_dispatch/middleware/request_id.rb:22:in `call'
  rack (1.4.1) lib/rack/methodoverride.rb:21:in `call'
  rack (1.4.1) lib/rack/runtime.rb:17:in `call'
  activesupport (3.2.10) lib/active_support/cache/strategy/local_cache.rb:72:in `call'
  rack (1.4.1) lib/rack/lock.rb:15:in `call'
  actionpack (3.2.10) lib/action_dispatch/middleware/static.rb:62:in `call'
  railties (3.2.10) lib/rails/engine.rb:479:in `call'
  railties (3.2.10) lib/rails/application.rb:223:in `call'
  rack (1.4.1) lib/rack/content_length.rb:14:in `call'
  railties (3.2.10) lib/rails/rack/log_tailer.rb:17:in `call'
  rack (1.4.1) lib/rack/handler/webrick.rb:59:in `service'
  /usr/lib/ruby/1.9.1/webrick/httpserver.rb:138:in `service'
  /usr/lib/ruby/1.9.1/webrick/httpserver.rb:94:in `run'
  /usr/lib/ruby/1.9.1/webrick/server.rb:191:in `block in start_thread'


  Rendered /var/lib/gems/1.9.1/gems/actionpack-3.2.10/lib/action_dispatch/middleware/templates/rescues/routing_error.erb within rescues/layout (1.1ms)


Started GET "/" for 127.0.0.1 at 2013-01-05 13:24:21 -0200
Processing by HomeController#index as HTML
  Rendered home/index.html.erb within layouts/application (0.1ms)
Completed 200 OK in 33ms (Views: 33.0ms | ActiveRecord: 0.0ms)


Started GET "/assets/application.css?body=1" for 127.0.0.1 at 2013-01-05 13:24:21 -0200
Served asset /application.css - 304 Not Modified (8ms)


Started GET "/assets/jquery_ujs.js?body=1" for 127.0.0.1 at 2013-01-05 13:24:21 -0200
Served asset /jquery_ujs.js - 304 Not Modified (0ms)


Started GET "/assets/home.js?body=1" for 127.0.0.1 at 2013-01-05 13:24:21 -0200
Served asset /home.js - 304 Not Modified (0ms)


Started GET "/assets/jquery.js?body=1" for 127.0.0.1 at 2013-01-05 13:24:21 -0200
Served asset /jquery.js - 304 Not Modified (2ms)


Started GET "/assets/application.js?body=1" for 127.0.0.1 at 2013-01-05 13:24:21 -0200
Served asset /application.js - 304 Not Modified (3ms)


Started GET "/assets/home.css?body=1" for 127.0.0.1 at 2013-01-05 13:24:21 -0200
Served asset /home.css - 304 Not Modified (0ms)


Started GET "/images/pandox_logo_FINAL_2.png" for 127.0.0.1 at 2013-01-05 13:24:21 -0200

ActionController::RoutingError (No route matches [GET] "/images/pandox_logo_FINAL_2.png"):
  actionpack (3.2.10) lib/action_dispatch/middleware/debug_exceptions.rb:21:in `call'
  actionpack (3.2.10) lib/action_dispatch/middleware/show_exceptions.rb:56:in `call'
  railties (3.2.10) lib/rails/rack/logger.rb:32:in `call_app'
  railties (3.2.10) lib/rails/rack/logger.rb:16:in `block in call'
  activesupport (3.2.10) lib/active_support/tagged_logging.rb:22:in `tagged'
  railties (3.2.10) lib/rails/rack/logger.rb:16:in `call'
  actionpack (3.2.10) lib/action_dispatch/middleware/request_id.rb:22:in `call'
  rack (1.4.1) lib/rack/methodoverride.rb:21:in `call'
  rack (1.4.1) lib/rack/runtime.rb:17:in `call'
  activesupport (3.2.10) lib/active_support/cache/strategy/local_cache.rb:72:in `call'
  rack (1.4.1) lib/rack/lock.rb:15:in `call'
  actionpack (3.2.10) lib/action_dispatch/middleware/static.rb:62:in `call'
  railties (3.2.10) lib/rails/engine.rb:479:in `call'
  railties (3.2.10) lib/rails/application.rb:223:in `call'
  rack (1.4.1) lib/rack/content_length.rb:14:in `call'
  railties (3.2.10) lib/rails/rack/log_tailer.rb:17:in `call'
  rack (1.4.1) lib/rack/handler/webrick.rb:59:in `service'
  /usr/lib/ruby/1.9.1/webrick/httpserver.rb:138:in `service'
  /usr/lib/ruby/1.9.1/webrick/httpserver.rb:94:in `run'
  /usr/lib/ruby/1.9.1/webrick/server.rb:191:in `block in start_thread'


  Rendered /var/lib/gems/1.9.1/gems/actionpack-3.2.10/lib/action_dispatch/middleware/templates/rescues/routing_error.erb within rescues/layout (0.4ms)


Started GET "/" for 127.0.0.1 at 2013-01-05 13:25:00 -0200
Processing by HomeController#index as HTML
  Rendered home/index.html.erb within layouts/application (0.1ms)
Completed 200 OK in 8ms (Views: 8.2ms | ActiveRecord: 0.0ms)


Started GET "/assets/application.css?body=1" for 127.0.0.1 at 2013-01-05 13:25:00 -0200
Served asset /application.css - 304 Not Modified (2ms)


Started GET "/assets/jquery_ujs.js?body=1" for 127.0.0.1 at 2013-01-05 13:25:00 -0200
Served asset /jquery_ujs.js - 304 Not Modified (0ms)


Started GET "/assets/jquery.js?body=1" for 127.0.0.1 at 2013-01-05 13:25:00 -0200
Served asset /jquery.js - 304 Not Modified (0ms)


Started GET "/assets/home.css?body=1" for 127.0.0.1 at 2013-01-05 13:25:00 -0200
Served asset /home.css - 304 Not Modified (0ms)


Started GET "/assets/home.js?body=1" for 127.0.0.1 at 2013-01-05 13:25:00 -0200
Served asset /home.js - 304 Not Modified (0ms)


Started GET "/assets/application.js?body=1" for 127.0.0.1 at 2013-01-05 13:25:00 -0200
Served asset /application.js - 304 Not Modified (3ms)


Started GET "/assets/images/pandox_logo_FINAL_2.png" for 127.0.0.1 at 2013-01-05 13:25:00 -0200
Served asset /images/pandox_logo_FINAL_2.png - 404 Not Found (2ms)

ActionController::RoutingError (No route matches [GET] "/assets/images/pandox_logo_FINAL_2.png"):
  actionpack (3.2.10) lib/action_dispatch/middleware/debug_exceptions.rb:21:in `call'
  actionpack (3.2.10) lib/action_dispatch/middleware/show_exceptions.rb:56:in `call'
  railties (3.2.10) lib/rails/rack/logger.rb:32:in `call_app'
  railties (3.2.10) lib/rails/rack/logger.rb:16:in `block in call'
  activesupport (3.2.10) lib/active_support/tagged_logging.rb:22:in `tagged'
  railties (3.2.10) lib/rails/rack/logger.rb:16:in `call'
  actionpack (3.2.10) lib/action_dispatch/middleware/request_id.rb:22:in `call'
  rack (1.4.1) lib/rack/methodoverride.rb:21:in `call'
  rack (1.4.1) lib/rack/runtime.rb:17:in `call'
  activesupport (3.2.10) lib/active_support/cache/strategy/local_cache.rb:72:in `call'
  rack (1.4.1) lib/rack/lock.rb:15:in `call'
  actionpack (3.2.10) lib/action_dispatch/middleware/static.rb:62:in `call'
  railties (3.2.10) lib/rails/engine.rb:479:in `call'
  railties (3.2.10) lib/rails/application.rb:223:in `call'
  rack (1.4.1) lib/rack/content_length.rb:14:in `call'
  railties (3.2.10) lib/rails/rack/log_tailer.rb:17:in `call'
  rack (1.4.1) lib/rack/handler/webrick.rb:59:in `service'
  /usr/lib/ruby/1.9.1/webrick/httpserver.rb:138:in `service'
  /usr/lib/ruby/1.9.1/webrick/httpserver.rb:94:in `run'
  /usr/lib/ruby/1.9.1/webrick/server.rb:191:in `block in start_thread'


  Rendered /var/lib/gems/1.9.1/gems/actionpack-3.2.10/lib/action_dispatch/middleware/templates/rescues/routing_error.erb within rescues/layout (0.4ms)


Started GET "/" for 127.0.0.1 at 2013-01-05 13:25:00 -0200
Processing by HomeController#index as HTML
  Rendered home/index.html.erb within layouts/application (0.1ms)
Completed 200 OK in 11ms (Views: 10.7ms | ActiveRecord: 0.0ms)


Started GET "/assets/application.css?body=1" for 127.0.0.1 at 2013-01-05 13:25:00 -0200
Served asset /application.css - 304 Not Modified (2ms)


Started GET "/assets/home.css?body=1" for 127.0.0.1 at 2013-01-05 13:25:00 -0200
Served asset /home.css - 304 Not Modified (0ms)


Started GET "/assets/jquery_ujs.js?body=1" for 127.0.0.1 at 2013-01-05 13:25:00 -0200
Served asset /jquery_ujs.js - 304 Not Modified (0ms)


Started GET "/assets/home.js?body=1" for 127.0.0.1 at 2013-01-05 13:25:00 -0200
Served asset /home.js - 304 Not Modified (0ms)


Started GET "/assets/jquery.js?body=1" for 127.0.0.1 at 2013-01-05 13:25:00 -0200
Served asset /jquery.js - 304 Not Modified (0ms)


Started GET "/assets/application.js?body=1" for 127.0.0.1 at 2013-01-05 13:25:00 -0200
Served asset /application.js - 304 Not Modified (3ms)


Started GET "/assets/images/pandox_logo_FINAL_2.png" for 127.0.0.1 at 2013-01-05 13:25:00 -0200
Served asset /images/pandox_logo_FINAL_2.png - 404 Not Found (3ms)

ActionController::RoutingError (No route matches [GET] "/assets/images/pandox_logo_FINAL_2.png"):
  actionpack (3.2.10) lib/action_dispatch/middleware/debug_exceptions.rb:21:in `call'
  actionpack (3.2.10) lib/action_dispatch/middleware/show_exceptions.rb:56:in `call'
  railties (3.2.10) lib/rails/rack/logger.rb:32:in `call_app'
  railties (3.2.10) lib/rails/rack/logger.rb:16:in `block in call'
  activesupport (3.2.10) lib/active_support/tagged_logging.rb:22:in `tagged'
  railties (3.2.10) lib/rails/rack/logger.rb:16:in `call'
  actionpack (3.2.10) lib/action_dispatch/middleware/request_id.rb:22:in `call'
  rack (1.4.1) lib/rack/methodoverride.rb:21:in `call'
  rack (1.4.1) lib/rack/runtime.rb:17:in `call'
  activesupport (3.2.10) lib/active_support/cache/strategy/local_cache.rb:72:in `call'
  rack (1.4.1) lib/rack/lock.rb:15:in `call'
  actionpack (3.2.10) lib/action_dispatch/middleware/static.rb:62:in `call'
  railties (3.2.10) lib/rails/engine.rb:479:in `call'
  railties (3.2.10) lib/rails/application.rb:223:in `call'
  rack (1.4.1) lib/rack/content_length.rb:14:in `call'
  railties (3.2.10) lib/rails/rack/log_tailer.rb:17:in `call'
  rack (1.4.1) lib/rack/handler/webrick.rb:59:in `service'
  /usr/lib/ruby/1.9.1/webrick/httpserver.rb:138:in `service'
  /usr/lib/ruby/1.9.1/webrick/httpserver.rb:94:in `run'
  /usr/lib/ruby/1.9.1/webrick/server.rb:191:in `block in start_thread'


  Rendered /var/lib/gems/1.9.1/gems/actionpack-3.2.10/lib/action_dispatch/middleware/templates/rescues/routing_error.erb within rescues/layout (0.6ms)


Started GET "/" for 127.0.0.1 at 2013-01-05 13:25:01 -0200
Processing by HomeController#index as HTML
  Rendered home/index.html.erb within layouts/application (0.1ms)
Completed 200 OK in 11ms (Views: 10.3ms | ActiveRecord: 0.0ms)


Started GET "/assets/application.css?body=1" for 127.0.0.1 at 2013-01-05 13:25:01 -0200
Served asset /application.css - 304 Not Modified (0ms)


Started GET "/assets/home.css?body=1" for 127.0.0.1 at 2013-01-05 13:25:01 -0200
Served asset /home.css - 304 Not Modified (0ms)


Started GET "/assets/jquery_ujs.js?body=1" for 127.0.0.1 at 2013-01-05 13:25:01 -0200
Served asset /jquery_ujs.js - 304 Not Modified (0ms)


Started GET "/assets/application.js?body=1" for 127.0.0.1 at 2013-01-05 13:25:01 -0200
Served asset /application.js - 304 Not Modified (1ms)


Started GET "/assets/home.js?body=1" for 127.0.0.1 at 2013-01-05 13:25:01 -0200
Served asset /home.js - 304 Not Modified (0ms)


Started GET "/assets/jquery.js?body=1" for 127.0.0.1 at 2013-01-05 13:25:01 -0200
Served asset /jquery.js - 304 Not Modified (0ms)


Started GET "/assets/images/pandox_logo_FINAL_2.png" for 127.0.0.1 at 2013-01-05 13:25:01 -0200
Served asset /images/pandox_logo_FINAL_2.png - 404 Not Found (2ms)

ActionController::RoutingError (No route matches [GET] "/assets/images/pandox_logo_FINAL_2.png"):
  actionpack (3.2.10) lib/action_dispatch/middleware/debug_exceptions.rb:21:in `call'
  actionpack (3.2.10) lib/action_dispatch/middleware/show_exceptions.rb:56:in `call'
  railties (3.2.10) lib/rails/rack/logger.rb:32:in `call_app'
  railties (3.2.10) lib/rails/rack/logger.rb:16:in `block in call'
  activesupport (3.2.10) lib/active_support/tagged_logging.rb:22:in `tagged'
  railties (3.2.10) lib/rails/rack/logger.rb:16:in `call'
  actionpack (3.2.10) lib/action_dispatch/middleware/request_id.rb:22:in `call'
  rack (1.4.1) lib/rack/methodoverride.rb:21:in `call'
  rack (1.4.1) lib/rack/runtime.rb:17:in `call'
  activesupport (3.2.10) lib/active_support/cache/strategy/local_cache.rb:72:in `call'
  rack (1.4.1) lib/rack/lock.rb:15:in `call'
  actionpack (3.2.10) lib/action_dispatch/middleware/static.rb:62:in `call'
  railties (3.2.10) lib/rails/engine.rb:479:in `call'
  railties (3.2.10) lib/rails/application.rb:223:in `call'
  rack (1.4.1) lib/rack/content_length.rb:14:in `call'
  railties (3.2.10) lib/rails/rack/log_tailer.rb:17:in `call'
  rack (1.4.1) lib/rack/handler/webrick.rb:59:in `service'
  /usr/lib/ruby/1.9.1/webrick/httpserver.rb:138:in `service'
  /usr/lib/ruby/1.9.1/webrick/httpserver.rb:94:in `run'
  /usr/lib/ruby/1.9.1/webrick/server.rb:191:in `block in start_thread'


  Rendered /var/lib/gems/1.9.1/gems/actionpack-3.2.10/lib/action_dispatch/middleware/templates/rescues/routing_error.erb within rescues/layout (0.5ms)


Started GET "/" for 127.0.0.1 at 2013-01-05 13:25:24 -0200
Processing by HomeController#index as HTML
  Rendered home/index.html.erb within layouts/application (0.1ms)
Completed 200 OK in 12ms (Views: 11.2ms | ActiveRecord: 0.0ms)


Started GET "/assets/application.css?body=1" for 127.0.0.1 at 2013-01-05 13:25:24 -0200
Served asset /application.css - 304 Not Modified (2ms)


Started GET "/assets/home.css?body=1" for 127.0.0.1 at 2013-01-05 13:25:24 -0200
Served asset /home.css - 304 Not Modified (0ms)


Started GET "/assets/home.js?body=1" for 127.0.0.1 at 2013-01-05 13:25:24 -0200
Served asset /home.js - 304 Not Modified (0ms)


Started GET "/assets/application.js?body=1" for 127.0.0.1 at 2013-01-05 13:25:24 -0200
Served asset /application.js - 304 Not Modified (29ms)


Started GET "/assets/jquery_ujs.js?body=1" for 127.0.0.1 at 2013-01-05 13:25:24 -0200
Served asset /jquery_ujs.js - 304 Not Modified (0ms)


Started GET "/assets/jquery.js?body=1" for 127.0.0.1 at 2013-01-05 13:25:24 -0200
Served asset /jquery.js - 304 Not Modified (2ms)


Started GET "/assets/pandox_logo_FINAL_2.png" for 127.0.0.1 at 2013-01-05 13:25:24 -0200
Served asset /pandox_logo_FINAL_2.png - 200 OK (8ms)


Started GET "/" for 127.0.0.1 at 2013-01-05 13:25:25 -0200
Processing by HomeController#index as HTML
  Rendered home/index.html.erb within layouts/application (0.1ms)
Completed 200 OK in 11ms (Views: 10.6ms | ActiveRecord: 0.0ms)


Started GET "/assets/application.css?body=1" for 127.0.0.1 at 2013-01-05 13:25:25 -0200
Served asset /application.css - 304 Not Modified (1ms)


Started GET "/assets/jquery_ujs.js?body=1" for 127.0.0.1 at 2013-01-05 13:25:25 -0200
Served asset /jquery_ujs.js - 304 Not Modified (0ms)


Started GET "/assets/home.css?body=1" for 127.0.0.1 at 2013-01-05 13:25:25 -0200
Served asset /home.css - 304 Not Modified (0ms)


Started GET "/assets/home.js?body=1" for 127.0.0.1 at 2013-01-05 13:25:25 -0200
Served asset /home.js - 304 Not Modified (0ms)


Started GET "/assets/jquery.js?body=1" for 127.0.0.1 at 2013-01-05 13:25:25 -0200
Served asset /jquery.js - 304 Not Modified (2ms)


Started GET "/assets/application.js?body=1" for 127.0.0.1 at 2013-01-05 13:25:25 -0200
Served asset /application.js - 304 Not Modified (3ms)


Started GET "/assets/pandox_logo_FINAL_2.png" for 127.0.0.1 at 2013-01-05 13:25:25 -0200
Served asset /pandox_logo_FINAL_2.png - 304 Not Modified (0ms)


Started GET "/" for 127.0.0.1 at 2013-01-05 13:25:30 -0200
Processing by HomeController#index as HTML
  Rendered home/index.html.erb within layouts/application (0.0ms)
Completed 200 OK in 10ms (Views: 9.7ms | ActiveRecord: 0.0ms)


Started GET "/assets/application.css?body=1" for 127.0.0.1 at 2013-01-05 13:25:30 -0200
Served asset /application.css - 304 Not Modified (3ms)


Started GET "/assets/jquery.js?body=1" for 127.0.0.1 at 2013-01-05 13:25:30 -0200
Served asset /jquery.js - 304 Not Modified (0ms)


Started GET "/assets/jquery_ujs.js?body=1" for 127.0.0.1 at 2013-01-05 13:25:30 -0200
Served asset /jquery_ujs.js - 304 Not Modified (0ms)


Started GET "/assets/home.js?body=1" for 127.0.0.1 at 2013-01-05 13:25:30 -0200
Served asset /home.js - 304 Not Modified (0ms)


Started GET "/assets/home.css?body=1" for 127.0.0.1 at 2013-01-05 13:25:30 -0200
Served asset /home.css - 304 Not Modified (0ms)


Started GET "/assets/application.js?body=1" for 127.0.0.1 at 2013-01-05 13:25:30 -0200
Served asset /application.js - 304 Not Modified (1ms)


Started GET "/assets/pandox_logo_FINAL_2.png" for 127.0.0.1 at 2013-01-05 13:25:30 -0200
Served asset /pandox_logo_FINAL_2.png - 304 Not Modified (0ms)


Started GET "/" for 127.0.0.1 at 2013-01-05 13:25:31 -0200
Processing by HomeController#index as HTML
  Rendered home/index.html.erb within layouts/application (0.0ms)
Completed 200 OK in 6ms (Views: 5.4ms | ActiveRecord: 0.0ms)


Started GET "/assets/application.css?body=1" for 127.0.0.1 at 2013-01-05 13:25:31 -0200
Served asset /application.css - 304 Not Modified (5ms)


Started GET "/assets/home.css?body=1" for 127.0.0.1 at 2013-01-05 13:25:31 -0200
Served asset /home.css - 304 Not Modified (0ms)


Started GET "/assets/jquery.js?body=1" for 127.0.0.1 at 2013-01-05 13:25:31 -0200
Served asset /jquery.js - 304 Not Modified (2ms)


Started GET "/assets/home.js?body=1" for 127.0.0.1 at 2013-01-05 13:25:31 -0200
Served asset /home.js - 304 Not Modified (0ms)


Started GET "/assets/jquery_ujs.js?body=1" for 127.0.0.1 at 2013-01-05 13:25:31 -0200
Served asset /jquery_ujs.js - 304 Not Modified (0ms)


Started GET "/assets/application.js?body=1" for 127.0.0.1 at 2013-01-05 13:25:31 -0200
Served asset /application.js - 304 Not Modified (3ms)


Started GET "/assets/pandox_logo_FINAL_2.png" for 127.0.0.1 at 2013-01-05 13:25:31 -0200
Served asset /pandox_logo_FINAL_2.png - 304 Not Modified (0ms)


Started GET "/" for 127.0.0.1 at 2013-01-05 13:25:34 -0200
Processing by HomeController#index as HTML
  Rendered home/index.html.erb within layouts/application (0.0ms)
Completed 200 OK in 6ms (Views: 5.9ms | ActiveRecord: 0.0ms)


Started GET "/assets/application.css?body=1" for 127.0.0.1 at 2013-01-05 13:25:34 -0200
Served asset /application.css - 304 Not Modified (0ms)


Started GET "/assets/jquery_ujs.js?body=1" for 127.0.0.1 at 2013-01-05 13:25:34 -0200
Served asset /jquery_ujs.js - 304 Not Modified (0ms)


Started GET "/assets/home.js?body=1" for 127.0.0.1 at 2013-01-05 13:25:34 -0200
Served asset /home.js - 304 Not Modified (0ms)


Started GET "/assets/home.css?body=1" for 127.0.0.1 at 2013-01-05 13:25:34 -0200
Served asset /home.css - 304 Not Modified (0ms)


Started GET "/assets/application.js?body=1" for 127.0.0.1 at 2013-01-05 13:25:34 -0200
Served asset /application.js - 304 Not Modified (3ms)


Started GET "/assets/jquery.js?body=1" for 127.0.0.1 at 2013-01-05 13:25:34 -0200
Served asset /jquery.js - 304 Not Modified (2ms)


Started GET "/assets/pandox_logo_FINAL_2.png" for 127.0.0.1 at 2013-01-05 13:25:34 -0200
Served asset /pandox_logo_FINAL_2.png - 304 Not Modified (0ms)


Started GET "/" for 127.0.0.1 at 2013-01-05 13:25:35 -0200
Processing by HomeController#index as HTML
  Rendered home/index.html.erb within layouts/application (0.0ms)
Completed 200 OK in 6ms (Views: 6.1ms | ActiveRecord: 0.0ms)


Started GET "/assets/application.css?body=1" for 127.0.0.1 at 2013-01-05 13:25:35 -0200
Served asset /application.css - 304 Not Modified (0ms)


Started GET "/assets/jquery.js?body=1" for 127.0.0.1 at 2013-01-05 13:25:35 -0200
Served asset /jquery.js - 304 Not Modified (2ms)


Started GET "/assets/home.css?body=1" for 127.0.0.1 at 2013-01-05 13:25:35 -0200
Served asset /home.css - 304 Not Modified (0ms)


Started GET "/assets/home.js?body=1" for 127.0.0.1 at 2013-01-05 13:25:35 -0200
Served asset /home.js - 304 Not Modified (0ms)


Started GET "/assets/jquery_ujs.js?body=1" for 127.0.0.1 at 2013-01-05 13:25:35 -0200
Served asset /jquery_ujs.js - 304 Not Modified (0ms)


Started GET "/assets/application.js?body=1" for 127.0.0.1 at 2013-01-05 13:25:35 -0200
Served asset /application.js - 304 Not Modified (3ms)


Started GET "/" for 127.0.0.1 at 2013-01-05 13:25:35 -0200
Processing by HomeController#index as HTML
  Rendered home/index.html.erb within layouts/application (0.0ms)
Completed 200 OK in 33ms (Views: 32.8ms | ActiveRecord: 0.0ms)


Started GET "/assets/home.css?body=1" for 127.0.0.1 at 2013-01-05 13:25:35 -0200
Served asset /home.css - 304 Not Modified (1ms)


Started GET "/assets/application.css?body=1" for 127.0.0.1 at 2013-01-05 13:25:35 -0200
Served asset /application.css - 304 Not Modified (0ms)


Started GET "/assets/jquery.js?body=1" for 127.0.0.1 at 2013-01-05 13:25:35 -0200
Served asset /jquery.js - 304 Not Modified (1ms)


Started GET "/assets/jquery_ujs.js?body=1" for 127.0.0.1 at 2013-01-05 13:25:35 -0200
Served asset /jquery_ujs.js - 304 Not Modified (0ms)


Started GET "/assets/application.js?body=1" for 127.0.0.1 at 2013-01-05 13:25:35 -0200
Served asset /application.js - 304 Not Modified (3ms)


Started GET "/assets/home.js?body=1" for 127.0.0.1 at 2013-01-05 13:25:35 -0200
Served asset /home.js - 304 Not Modified (0ms)


Started GET "/assets/pandox_logo_FINAL_2.png" for 127.0.0.1 at 2013-01-05 13:25:35 -0200
Served asset /pandox_logo_FINAL_2.png - 304 Not Modified (0ms)
